{"/Users/mmartin/sources/mapal/github-search/src/App.tsx": {"path":"/Users/mmartin/sources/mapal/github-search/src/App.tsx","statementMap":{"0":{"start":{"line":1,"column":0},"end":{"line":1,"column":26}},"1":{"start":{"line":2,"column":0},"end":{"line":2,"column":55}},"2":{"start":{"line":3,"column":0},"end":{"line":3,"column":51}},"3":{"start":{"line":4,"column":0},"end":{"line":4,"column":60}},"4":{"start":{"line":16,"column":4},"end":{"line":16,"column":17}},"5":{"start":{"line":17,"column":4},"end":{"line":20,"column":6}},"6":{"start":{"line":21,"column":4},"end":{"line":21,"column":40}},"7":{"start":{"line":24,"column":21},"end":{"line":31,"column":5}},"8":{"start":{"line":25,"column":6},"end":{"line":25,"column":30}},"9":{"start":{"line":26,"column":6},"end":{"line":30,"column":null}},"10":{"start":{"line":27,"column":8},"end":{"line":29,"column":53}},"11":{"start":{"line":29,"column":27},"end":{"line":29,"column":51}},"12":{"start":{"line":33,"column":4},"end":{"line":39,"column":6}},"13":{"start":{"line":42,"column":0},"end":{"line":42,"column":19}}},"fnMap":{"0":{"name":"(anonymous_1)","decl":{"start":{"line":15,"column":2},"end":{"line":15,"column":14}},"loc":{"start":{"line":15,"column":26},"end":{"line":22,"column":3}}},"1":{"name":"(anonymous_2)","decl":{"start":{"line":23,"column":2},"end":{"line":23,"column":8}},"loc":{"start":{"line":23,"column":8},"end":{"line":40,"column":3}}},"2":{"name":"(anonymous_3)","decl":{"start":{"line":24,"column":21},"end":{"line":24,"column":22}},"loc":{"start":{"line":24,"column":38},"end":{"line":31,"column":5}}},"3":{"name":"(anonymous_4)","decl":{"start":{"line":29,"column":16},"end":{"line":29,"column":17}},"loc":{"start":{"line":29,"column":27},"end":{"line":29,"column":51}}}},"branchMap":{"0":{"loc":{"start":{"line":26,"column":6},"end":{"line":30,"column":null}},"type":"if","locations":[{"start":{"line":26,"column":6},"end":{"line":30,"column":null}},{"start":{"line":26,"column":6},"end":{"line":30,"column":null}}]}},"s":{"0":0,"1":0,"2":0,"3":0,"4":0,"5":0,"6":0,"7":0,"8":0,"9":0,"10":0,"11":0,"12":0,"13":0},"f":{"0":0,"1":0,"2":0,"3":0},"b":{"0":[0,0]}}
,"/Users/mmartin/sources/mapal/github-search/src/index.tsx": {"path":"/Users/mmartin/sources/mapal/github-search/src/index.tsx","statementMap":{"0":{"start":{"line":2,"column":0},"end":{"line":2,"column":33}},"1":{"start":{"line":3,"column":0},"end":{"line":3,"column":24}},"2":{"start":{"line":5,"column":0},"end":{"line":5,"column":58}}},"fnMap":{},"branchMap":{},"s":{"0":0,"1":0,"2":0},"f":{},"b":{}}
,"/Users/mmartin/sources/mapal/github-search/src/components/molecules/Search/Search.tsx": {"path":"/Users/mmartin/sources/mapal/github-search/src/components/molecules/Search/Search.tsx","statementMap":{"0":{"start":{"line":8,"column":15},"end":{"line":20,"column":1}},"1":{"start":{"line":9,"column":2},"end":{"line":19,"column":4}},"2":{"start":{"line":15,"column":10},"end":{"line":15,"column":46}},"3":{"start":{"line":22,"column":0},"end":{"line":22,"column":22}}},"fnMap":{"0":{"name":"(anonymous_0)","decl":{"start":{"line":8,"column":15},"end":{"line":8,"column":16}},"loc":{"start":{"line":8,"column":53},"end":{"line":20,"column":1}}},"1":{"name":"(anonymous_1)","decl":{"start":{"line":14,"column":18},"end":{"line":14,"column":19}},"loc":{"start":{"line":14,"column":65},"end":{"line":16,"column":9}}}},"branchMap":{"0":{"loc":{"start":{"line":8,"column":26},"end":{"line":8,"column":28}},"type":"default-arg","locations":[{"start":{"line":8,"column":26},"end":{"line":8,"column":28}}]}},"s":{"0":1,"1":2,"2":1,"3":1},"f":{"0":2,"1":1},"b":{"0":[1]}}
,"/Users/mmartin/sources/mapal/github-search/src/components/molecules/Search/index.ts": {"path":"/Users/mmartin/sources/mapal/github-search/src/components/molecules/Search/index.ts","statementMap":{"0":{"start":{"line":1,"column":0},"end":{"line":1,"column":41}},"1":{"start":{"line":5,"column":0},"end":{"line":5,"column":22}}},"fnMap":{},"branchMap":{},"s":{"0":1,"1":1},"f":{},"b":{}}
,"/Users/mmartin/sources/mapal/github-search/src/components/molecules/Table/Table.tsx": {"path":"/Users/mmartin/sources/mapal/github-search/src/components/molecules/Table/Table.tsx","statementMap":{"0":{"start":{"line":12,"column":14},"end":{"line":26,"column":1}},"1":{"start":{"line":13,"column":2},"end":{"line":25,"column":4}},"2":{"start":{"line":19,"column":8},"end":{"line":19,"column":25}},"3":{"start":{"line":28,"column":0},"end":{"line":28,"column":21}}},"fnMap":{"0":{"name":"(anonymous_0)","decl":{"start":{"line":12,"column":14},"end":{"line":12,"column":15}},"loc":{"start":{"line":12,"column":35},"end":{"line":26,"column":1}}},"1":{"name":"(anonymous_1)","decl":{"start":{"line":18,"column":17},"end":{"line":18,"column":18}},"loc":{"start":{"line":19,"column":8},"end":{"line":19,"column":25}}}},"branchMap":{"0":{"loc":{"start":{"line":19,"column":53},"end":{"line":19,"column":58}},"type":"cond-expr","locations":[{"start":{"line":19,"column":53},"end":{"line":19,"column":58}},{"start":{"line":19,"column":61},"end":{"line":19,"column":67}}]}},"s":{"0":0,"1":0,"2":0,"3":0},"f":{"0":0,"1":0},"b":{"0":[0,0]}}
,"/Users/mmartin/sources/mapal/github-search/src/components/molecules/Table/index.ts": {"path":"/Users/mmartin/sources/mapal/github-search/src/components/molecules/Table/index.ts","statementMap":{"0":{"start":{"line":1,"column":0},"end":{"line":1,"column":39}},"1":{"start":{"line":5,"column":0},"end":{"line":5,"column":21}}},"fnMap":{},"branchMap":{},"s":{"0":0,"1":0},"f":{},"b":{}}
,"/Users/mmartin/sources/mapal/github-search/src/services/GithubApi/GithubApi.ts": {"path":"/Users/mmartin/sources/mapal/github-search/src/services/GithubApi/GithubApi.ts","statementMap":{"0":{"start":{"line":2,"column":12},"end":{"line":2,"column":76}},"1":{"start":{"line":3,"column":12},"end":{"line":3,"column":40}},"2":{"start":{"line":6,"column":21},"end":{"line":6,"column":41}},"3":{"start":{"line":7,"column":8},"end":{"line":7,"column":37}},"4":{"start":{"line":11,"column":25},"end":{"line":11,"column":55}},"5":{"start":{"line":12,"column":21},"end":{"line":12,"column":42}},"6":{"start":{"line":13,"column":8},"end":{"line":13,"column":26}},"7":{"start":{"line":17,"column":8},"end":{"line":17,"column":83}},"8":{"start":{"line":17,"column":41},"end":{"line":17,"column":80}},"9":{"start":{"line":21,"column":8},"end":{"line":21,"column":105}},"10":{"start":{"line":25,"column":0},"end":{"line":25,"column":25}}},"fnMap":{"0":{"name":"(anonymous_7)","decl":{"start":{"line":1,"column":0},"end":{"line":1,"column":6}},"loc":{"start":{"line":1,"column":0},"end":{"line":23,"column":1}}},"1":{"name":"(anonymous_8)","decl":{"start":{"line":5,"column":17},"end":{"line":5,"column":23}},"loc":{"start":{"line":5,"column":38},"end":{"line":8,"column":null}}},"2":{"name":"(anonymous_10)","decl":{"start":{"line":10,"column":18},"end":{"line":10,"column":21}},"loc":{"start":{"line":10,"column":36},"end":{"line":14,"column":null}}},"3":{"name":"(anonymous_12)","decl":{"start":{"line":16,"column":12},"end":{"line":16,"column":22}},"loc":{"start":{"line":16,"column":35},"end":{"line":18,"column":5}}},"4":{"name":"(anonymous_13)","decl":{"start":{"line":17,"column":25},"end":{"line":17,"column":26}},"loc":{"start":{"line":17,"column":41},"end":{"line":17,"column":80}}},"5":{"name":"(anonymous_14)","decl":{"start":{"line":20,"column":12},"end":{"line":20,"column":18}},"loc":{"start":{"line":20,"column":32},"end":{"line":22,"column":5}}}},"branchMap":{},"s":{"0":0,"1":0,"2":0,"3":0,"4":0,"5":0,"6":0,"7":0,"8":0,"9":0,"10":0},"f":{"0":0,"1":0,"2":0,"3":0,"4":0,"5":0},"b":{}}
}
